<?xml version="1.0" encoding="UTF-8"?>
<!-- Generated by org.testng.reporters.JUnitXMLReporter -->
<testsuite hostname="KHANNA-PC" ignored="0" name="test-3" tests="5" failures="0" timestamp="23 Feb 2017 10:28:10 GMT" time="0.011" errors="0">
  <testcase name="login" time="0.001" classname="testngTicket.Booking"/>
  <testcase name="payment" time="0.001" classname="testngTicket.Booking"/>
  <testcase name="printTicket" time="0.001" classname="testngTicket.Booking"/>
  <testcase name="signout" time="0.001" classname="testngTicket.Booking"/>
  <testcase name="ticketBooking" time="0.0" classname="testngTicket.Booking"/>
</testsuite> <!-- test-3 -->
