<?xml version="1.0" encoding="UTF-8"?>
<!-- Generated by org.testng.reporters.JUnitXMLReporter -->
<testsuite hostname="KHANNA-PC" ignored="0" name="test-2" tests="2" failures="0" timestamp="23 Feb 2017 10:28:10 GMT" time="0.007" errors="0">
  <testcase name="printText" time="0.001" classname="testngSample.sec_annotations1"/>
  <testcase name="SelectText" time="0.001" classname="testngSample.sec_annotations2"/>
</testsuite> <!-- test-2 -->
