<?xml version="1.0" encoding="UTF-8"?>
<!-- Generated by org.testng.reporters.JUnitReportReporter -->
<testsuite skipped="0" hostname="KHANNA-PC" name="testngFiles2.sec_annotations2" tests="1" failures="0" timestamp="9 Nov 2016 13:26:36 GMT" time="0.000" errors="0">
  <testcase name="SelectText" time="0.000" classname="testngFiles2.sec_annotations2"/>
</testsuite> <!-- testngFiles2.sec_annotations2 -->
