<?xml version="1.0" encoding="UTF-8"?>
<!-- Generated by org.testng.reporters.JUnitReportReporter -->
<testsuite name="testngFiles.annotations2" tests="1" time="0.002" ignored="4" failures="0" timestamp="23 Feb 2017 10:30:35 GMT" skipped="0" hostname="KHANNA-PC" errors="0">
  <testcase name="SelectText" time="0.002" classname="testngFiles.annotations2"/>
  <testcase name="ticketBooking" classname="testngTicket.Booking">
    <skipped/>
  </testcase> <!-- ticketBooking -->
  <testcase name="payment" classname="testngTicket.Booking">
    <skipped/>
  </testcase> <!-- payment -->
  <testcase name="printTicket" classname="testngTicket.Booking">
    <skipped/>
  </testcase> <!-- printTicket -->
  <testcase name="login" classname="testngTicket.Booking">
    <skipped/>
  </testcase> <!-- login -->
</testsuite> <!-- testngFiles.annotations2 -->
