<?xml version="1.0" encoding="UTF-8"?>
<!-- Generated by org.testng.reporters.JUnitReportReporter -->
<testsuite hostname="KHANNA-PC" name="Parameterization.Login" tests="1" failures="0" timestamp="23 Feb 2017 10:00:42 GMT" time="0.006" errors="0">
  <testcase name="login" time="0.006" classname="Parameterization.Login"/>
</testsuite> <!-- Parameterization.Login -->
