<?xml version="1.0" encoding="UTF-8"?>
<!-- Generated by org.testng.reporters.JUnitReportReporter -->
<testsuite skipped="0" hostname="KHANNA-PC" name="dataProvider.Authentication" tests="3" failures="0" timestamp="9 Nov 2016 17:00:30 GMT" time="0.010" errors="0">
  <testcase name="login" time="0.001" classname="dataProvider.Authentication"/>
  <testcase name="login" time="0.001" classname="dataProvider.Authentication"/>
  <testcase name="login" time="0.008" classname="dataProvider.Authentication"/>
</testsuite> <!-- dataProvider.Authentication -->
