<?xml version="1.0" encoding="UTF-8"?>
<!-- Generated by org.testng.reporters.JUnitXMLReporter -->
<testsuite hostname="KHANNA-PC" name="test-2" tests="1" failures="0" timestamp="19 Feb 2017 17:18:45 GMT" time="0.0" errors="0">
  <testcase name="SelectText" time="0.0" classname="testngSample.sec_annotations2"/>
</testsuite> <!-- test-2 -->
