<?xml version="1.0" encoding="UTF-8"?>
<!-- Generated by org.testng.reporters.JUnitXMLReporter -->
<testsuite hostname="KHANNA-PC" name="test-3" tests="2" failures="0" timestamp="19 Feb 2017 17:18:45 GMT" time="0.0" errors="0">
  <testcase name="login" time="0.0" classname="testngTicket.Booking"/>
  <testcase name="signout" time="0.0" classname="testngTicket.Booking"/>
</testsuite> <!-- test-3 -->
