<?xml version="1.0" encoding="UTF-8"?>
<!-- Generated by org.testng.reporters.JUnitXMLReporter -->
<testsuite hostname="KHANNA-PC" name="test-1" tests="1" failures="0" timestamp="19 Feb 2017 17:18:45 GMT" time="0.013" errors="0">
  <testcase name="printText" time="0.006" classname="testngFiles.annotations1"/>
</testsuite> <!-- test-1 -->
